<?xml version="1.0" encoding="UTF-8"?>
<testsuite xmlns:xsi="http://www.w3.org/2001/XMLSchema-instance" xsi:schemaLocation="https://maven.apache.org/surefire/maven-surefire-plugin/xsd/surefire-test-report.xsd" name="hellocucumber.RunCucumberTest" time="75.748" tests="3" errors="0" skipped="0" failures="0">
  <properties>
[...]
</properties>
  <testcase name="Сортировка по столбцу Username для одного игрока" classname="Сортировка таблицы с игроками по выбранному столбцу" time="25.961"/>
  <testcase name="Сортировка по столбцу Username для нескольких игроков" classname="Сортировка таблицы с игроками по выбранному столбцу" time="15.206"/>
  <testcase name="Сортировка по столбцу Username для несуществующего игрока" classname="Сортировка таблицы с игроками по выбранному столбцу" time="33.713"/>
</testsuite>